

HI-TECH Software PIC PRO Macro Assembler V9.83 build 10920 
                                                                                               Thu Sep 06 08:50:28 2018

HI-TECH Software Omniscient Code Generator (PRO mode) build 10920
     1                           	processor	16F877A
     2                           	opt	pw 120
     3                           	opt	pm
     4                           	psect	config,global,class=CONFIG,delta=2
     5                           	psect	maintext,global,class=CODE,delta=2
     6                           	psect	cinit,global,class=CODE,delta=2
     7                           	psect	cstackCOMMON,global,class=COMMON,space=1,delta=1
     8                           	psect	text20,local,class=CODE,delta=2
     9                           	psect	text21,local,class=CODE,delta=2
    10                           	psect	pa_nodes,global,class=CODE,delta=2
    11                           	dabs	1,0x7E,2
    12  000A                     	;#
    13                           
    14                           	psect	config
    15  2007  3B31               	dw	15153	;#
    16                           
    17                           	psect	maintext
    18  07CF                     __pmaintext:	
    19  0008                     _PORTD	set	8
    20  0088                     _TRISD	set	136
    21                           
    22 ;;Data sizes: Strings 0, constant 0, data 0, bss 0, persistent 0 stack 0
    23 ;;Auto spaces:   Size  Autos    Used
    24 ;; COMMON          13      7       7
    25 ;; BANK0           80      0       0
    26 ;; BANK1           80      0       0
    27 ;; BANK3           85      0       0
    28 ;; BANK2           96      0       0
    29 ;;
    30 ;; Pointer list with targets:
    31 ;;
    32 ;; Critical Paths under _main in COMMON
    33 ;;
    34 ;;   _main->_delay
    35 ;;
    36 ;; Critical Paths under _main in BANK0
    37 ;;
    38 ;;   None.
    39 ;;
    40 ;; Critical Paths under _main in BANK1
    41 ;;
    42 ;;   None.
    43 ;;
    44 ;; Critical Paths under _main in BANK3
    45 ;;
    46 ;;   None.
    47 ;;
    48 ;; Critical Paths under _main in BANK2
    49 ;;
    50 ;;   None.
    51 ;;
    52 ;;Main: autosize = 0, tempsize = 0, incstack = 0, save=0
    53 ;;
    54 ;;
    55 ;;Call Graph Tables:
    56 ;;
    57 ;; ---------------------------------------------------------------------------------
    58 ;; (Depth) Function   	        Calls       Base Space   Used Autos Params    Refs
    59 ;; ---------------------------------------------------------------------------------
    60 ;; (0) _main                                                 1     1      0     105
    61 ;;                                              6 COMMON     1     1      0
    62 ;;                              _delay
    63 ;; ---------------------------------------------------------------------------------
    64 ;; (1) _delay                                                6     4      2      75
    65 ;;                                              0 COMMON     6     4      2
    66 ;; ---------------------------------------------------------------------------------
    67 ;; Estimated maximum stack depth 1
    68 ;; ---------------------------------------------------------------------------------
    69 ;; Call Graph Graphs:
    70 ;; _main (ROOT)
    71 ;;   _delay
    72 ;;
    73 ;; Address spaces:
    74 ;;Name               Size   Autos  Total    Cost      Usage
    75 ;;BITCOMMON            D      0       0       0        0.0%
    76 ;;EEDATA             100      0       0       0        0.0%
    77 ;;NULL                 0      0       0       0        0.0%
    78 ;;CODE                 0      0       0       0        0.0%
    79 ;;COMMON               D      7       7       1       53.8%
    80 ;;BITSFR0              0      0       0       1        0.0%
    81 ;;SFR0                 0      0       0       1        0.0%
    82 ;;BITSFR1              0      0       0       2        0.0%
    83 ;;SFR1                 0      0       0       2        0.0%
    84 ;;STACK                0      0       1       2        0.0%
    85 ;;ABS                  0      0       0       3        0.0%
    86 ;;BITBANK0            50      0       0       4        0.0%
    87 ;;BITSFR3              0      0       0       4        0.0%
    88 ;;SFR3                 0      0       0       4        0.0%
    89 ;;BANK0               50      0       0       5        0.0%
    90 ;;BITSFR2              0      0       0       5        0.0%
    91 ;;SFR2                 0      0       0       5        0.0%
    92 ;;BITBANK1            50      0       0       6        0.0%
    93 ;;BANK1               50      0       0       7        0.0%
    94 ;;BITBANK3            55      0       0       8        0.0%
    95 ;;BANK3               55      0       0       9        0.0%
    96 ;;BITBANK2            60      0       0      10        0.0%
    97 ;;BANK2               60      0       0      11        0.0%
    98 ;;DATA                 0      0       0      12        0.0%
    99 ;; *************** function _main *****************
   100 ;; Defined at:
   101 ;;		line 13 in file "C:\myFiles\CircuitExperiment\20180906002\20180906002.c"
   102 ;; Parameters:    Size  Location     Type
   103 ;;		None
   104 ;; Auto vars:     Size  Location     Type
   105 ;;  i               1    6[COMMON] unsigned char 
   106 ;; Return value:  Size  Location     Type
   107 ;;		None               void
   108 ;; Registers used:
   109 ;;		wreg, status,2, status,0, pclath, cstack
   110 ;; Tracked objects:
   111 ;;		On entry : 17F/0
   112 ;;		On exit  : 17F/0
   113 ;;		Unchanged: FFE80/0
   114 ;; Data sizes:     COMMON   BANK0   BANK1   BANK3   BANK2
   115 ;;      Params:         0       0       0       0       0
   116 ;;      Locals:         1       0       0       0       0
   117 ;;      Temps:          0       0       0       0       0
   118 ;;      Totals:         1       0       0       0       0
   119 ;;Total ram usage:        1 bytes
   120 ;; Hardware stack levels required when called:    1
   121 ;; This function calls:
   122 ;;		_delay
   123 ;; This function is called by:
   124 ;;		Startup code after reset
   125 ;; This function uses a non-reentrant model
   126 ;;
   127  07CF                     _main:	
   128                           
   129                           ;20180906002.c: 14: unsigned char i;
   130                           ;20180906002.c: 15: TRISD = 0x00;
   131                           
   132                           ; Regs used in _main: [wreg+status,2+status,0+pclath+cstack]
   133  07CF  1683               	bsf	3,5	;RP0=1, select bank1
   134  07D0  0188               	clrf	8	;volatile
   135  07D1                     l1766:	
   136                           
   137                           ;20180906002.c: 17: PORTD = 0x01;
   138  07D1  3001               	movlw	1
   139  07D2  1283               	bcf	3,5	;RP0=0, select bank0
   140  07D3  0088               	movwf	8	;volatile
   141                           
   142                           ;20180906002.c: 18: for(i=0;i<8;i++)
   143  07D4  01F7               	clrf	main@i
   144  07D5                     l1772:	
   145                           
   146                           ;20180906002.c: 19: {
   147                           ;20180906002.c: 20: delay(500);
   148  07D5  30F4               	movlw	244
   149  07D6  00F1               	movwf	?_delay
   150  07D7  3001               	movlw	1
   151  07D8  00F2               	movwf	?_delay+1
   152  07D9  120A  118A  27E6   	fcall	_delay
      +       120A  118A         
   153                           
   154                           ;20180906002.c: 21: PORTD=PORTD<<1;
   155  07DE  1003               	clrc
   156  07DF  0D88               	rlf	8,f	;volatile
   157  07E0  3008               	movlw	8
   158  07E1  0AF7               	incf	main@i,f
   159  07E2  0277               	subwf	main@i,w
   160  07E3  1803               	btfsc	3,0
   161  07E4  2FD1               	goto	l1766
   162  07E5  2FD5               	goto	l1772
   163  07E6                     __end_of_main:	
   164                           
   165                           	psect	cinit
   166  07CB                     start_initialization:	
   167  07CB                     end_of_initialization:	
   168                           ;End of C runtime variable initialization code
   169                           
   170  07CB  0183               	clrf	3
   171  07CC  120A  118A  2FCF   	ljmp	_main	;jump to C main() function
   172                           
   173                           	psect	cstackCOMMON
   174  0071                     __pcstackCOMMON:	
   175  0071                     ?_delay:	
   176  0071                     ?_main:	
   177                           ; 0 bytes @ 0x0
   178                           
   179  0071                     delay@x:	
   180                           ; 0 bytes @ 0x0
   181                           
   182                           
   183                           ; 2 bytes @ 0x0
   184  0071                     	ds	2
   185  0073                     ??_delay:	
   186  0073                     delay@a:	
   187                           ; 0 bytes @ 0x2
   188                           
   189                           
   190                           ; 2 bytes @ 0x2
   191  0073                     	ds	2
   192  0075                     delay@b:	
   193                           
   194                           ; 2 bytes @ 0x4
   195  0075                     	ds	2
   196  0077                     ??_main:	
   197  0077                     main@i:	
   198                           ; 0 bytes @ 0x6
   199                           
   200                           
   201                           ; 1 bytes @ 0x6
   202  0077                     	ds	1
   203                           
   204                           	psect	text20
   205  07E6                     __ptext20:	
   206 ;; =============== function _main ends ============
   207                           
   208                           
   209 ;; *************** function _delay *****************
   210 ;; Defined at:
   211 ;;		line 7 in file "C:\myFiles\CircuitExperiment\20180906002\20180906002.c"
   212 ;; Parameters:    Size  Location     Type
   213 ;;  x               2    0[COMMON] unsigned int 
   214 ;; Auto vars:     Size  Location     Type
   215 ;;  b               2    4[COMMON] unsigned int 
   216 ;;  a               2    2[COMMON] unsigned int 
   217 ;; Return value:  Size  Location     Type
   218 ;;		None               void
   219 ;; Registers used:
   220 ;;		wreg, status,2, status,0
   221 ;; Tracked objects:
   222 ;;		On entry : 17F/0
   223 ;;		On exit  : 17F/0
   224 ;;		Unchanged: FFE80/0
   225 ;; Data sizes:     COMMON   BANK0   BANK1   BANK3   BANK2
   226 ;;      Params:         2       0       0       0       0
   227 ;;      Locals:         4       0       0       0       0
   228 ;;      Temps:          0       0       0       0       0
   229 ;;      Totals:         6       0       0       0       0
   230 ;;Total ram usage:        6 bytes
   231 ;; Hardware stack levels used:    1
   232 ;; This function calls:
   233 ;;		Nothing
   234 ;; This function is called by:
   235 ;;		_main
   236 ;; This function uses a non-reentrant model
   237 ;;
   238  07E6                     _delay:	
   239                           
   240                           ;20180906002.c: 8: unsigned int a,b;
   241                           ;20180906002.c: 9: for(a=x;a>0;a--)
   242                           
   243                           ; Regs used in _delay: [wreg+status,2+status,0]
   244  07E6  0872               	movf	delay@x+1,w
   245  07E7  00F4               	movwf	delay@a+1
   246  07E8  0871               	movf	delay@x,w
   247  07E9  00F3               	movwf	delay@a
   248  07EA                     l1746:	
   249  07EA  0874               	movf	delay@a+1,w
   250  07EB  0473               	iorwf	delay@a,w
   251  07EC  1903               	btfsc	3,2
   252  07ED  0008               	return
   253                           
   254                           ;20180906002.c: 10: for(b=110;b>0;b--);
   255  07EE  306E               	movlw	110
   256  07EF  00F5               	movwf	delay@b
   257  07F0  3001               	movlw	1
   258  07F1  01F6               	clrf	delay@b+1
   259  07F2                     L1:	
   260  07F2  02F5               	subwf	delay@b,f
   261  07F3  1C03               	skipc
   262  07F4  03F6               	decf	delay@b+1,f
   263  07F5  0876               	movf	delay@b+1,w
   264  07F6  0475               	iorwf	delay@b,w
   265  07F7  3001               	movlw	1
   266  07F8  1D03               	skipz
   267  07F9  2FF2               	goto	L1
   268  07FA  02F3               	subwf	delay@a,f
   269  07FB  3000               	movlw	0
   270  07FC  1C03               	skipc
   271  07FD  03F4               	decf	delay@a+1,f
   272  07FE  02F4               	subwf	delay@a+1,f
   273  07FF  2FEA               	goto	l1746
   274  0800                     __end_of_delay:	
   275                           
   276                           	psect	text21
   277  0000                     __ptext21:	
   278 ;; =============== function _delay ends ============
   279                           
   280  007E                     btemp	set	126	;btemp
   281  007E                     wtemp0	set	126


HI-TECH Software PICC Macro Assembler V9.83 build 10920 
Symbol Table                                                                                   Thu Sep 06 08:50:28 2018

                l1744 0000                  l1746 07EA                  l1772 07D5                  l1764 0000  
                l1758 0000                  l1774 0000                  l1766 07D1                  l1776 0000  
                l1768 0000                  l1778 0000                  _main 07CF                  btemp 007E  
                start 0001                 ?_main 0071                 _PORTD 0008                 _TRISD 0088  
               _delay 07E6                 main@i 0077                 status 0003                 wtemp0 007E  
        __end_of_main 07E6                ??_main 0077                ?_delay 0071                delay@a 0073  
              delay@b 0075                delay@x 0071        __pcstackCOMMON 0071         __end_of_delay 0800  
             ??_delay 0073            __pmaintext 07CF  end_of_initialization 07CB   start_initialization 07CB  
      __size_of_delay 001A              __ptext20 07E6              __ptext21 0000         __size_of_main 0017  
