
ROM used: 15 (0%)
          2048 (25%) including unused fragments

          0 Average locations per line
          15 Average locations per statement

RAM used: 6 (3%) at main() level
          6 (3%) worst case

Lines Stmts  %   Files
----- ----- ---  -----
    7     0   0  C:\myFiles\CircuitExperiment\20180905003.c
  281     0   0  C:\PROGRA~2\PICC\devices\16F877A.h
----- -----
  576     1 Total

Page ROM  %  RAM  Functions:
---- --- --- ---  ----------
0     11  73   1  main

 Segment   Used  Free
---------  ----  ----
00000-00003     4  0
00004-007FF    11  2033
00800-00FFF     0  2048
01000-017FF     0  2048
01800-01FFF     0  2048

