

HI-TECH Software PIC PRO Macro Assembler V9.83 build 10920 
                                                                                               Thu Sep 06 08:49:07 2018

HI-TECH Software Omniscient Code Generator (PRO mode) build 10920
     1                           	processor	16F877A
     2                           	opt	pw 120
     3                           	opt	pm
     4                           	psect	config,global,class=CONFIG,delta=2
     5                           	psect	maintext,global,class=CODE,delta=2
     6                           	psect	cinit,global,class=CODE,delta=2
     7                           	psect	cstackCOMMON,global,class=COMMON,space=1,delta=1
     8                           	psect	pa_nodes,global,class=CODE,delta=2
     9                           	dabs	1,0x7E,2
    10  000A                     	;#
    11                           
    12                           	psect	config
    13  2007  3B31               	dw	15153	;#
    14                           
    15                           	psect	maintext
    16  07F9                     __pmaintext:	
    17  0008                     _PORTD	set	8
    18  0088                     _TRISD	set	136
    19                           
    20                           ; 0 bytes @ 0x0
    21 ;;Data sizes: Strings 0, constant 0, data 0, bss 0, persistent 0 stack 0
    22 ;;Auto spaces:   Size  Autos    Used
    23 ;; COMMON          13      0       0
    24 ;; BANK0           80      0       0
    25 ;; BANK1           80      0       0
    26 ;; BANK3           85      0       0
    27 ;; BANK2           96      0       0
    28 ;;
    29 ;; Pointer list with targets:
    30 ;;
    31 ;; Critical Paths under _main in COMMON
    32 ;;
    33 ;;   None.
    34 ;;
    35 ;; Critical Paths under _main in BANK0
    36 ;;
    37 ;;   None.
    38 ;;
    39 ;; Critical Paths under _main in BANK1
    40 ;;
    41 ;;   None.
    42 ;;
    43 ;; Critical Paths under _main in BANK3
    44 ;;
    45 ;;   None.
    46 ;;
    47 ;; Critical Paths under _main in BANK2
    48 ;;
    49 ;;   None.
    50 ;;
    51 ;;Main: autosize = 0, tempsize = 0, incstack = 0, save=0
    52 ;;
    53 ;;
    54 ;;Call Graph Tables:
    55 ;;
    56 ;; ---------------------------------------------------------------------------------
    57 ;; (Depth) Function   	        Calls       Base Space   Used Autos Params    Refs
    58 ;; ---------------------------------------------------------------------------------
    59 ;; (0) _main                                                 0     0      0       0
    60 ;; ---------------------------------------------------------------------------------
    61 ;; Estimated maximum stack depth 0
    62 ;; ---------------------------------------------------------------------------------
    63 ;; Call Graph Graphs:
    64 ;; _main (ROOT)
    65 ;;
    66 ;; Address spaces:
    67 ;;Name               Size   Autos  Total    Cost      Usage
    68 ;;BITCOMMON            D      0       0       0        0.0%
    69 ;;EEDATA             100      0       0       0        0.0%
    70 ;;NULL                 0      0       0       0        0.0%
    71 ;;CODE                 0      0       0       0        0.0%
    72 ;;COMMON               D      0       0       1        0.0%
    73 ;;BITSFR0              0      0       0       1        0.0%
    74 ;;SFR0                 0      0       0       1        0.0%
    75 ;;BITSFR1              0      0       0       2        0.0%
    76 ;;SFR1                 0      0       0       2        0.0%
    77 ;;STACK                0      0       0       2        0.0%
    78 ;;ABS                  0      0       0       3        0.0%
    79 ;;BITBANK0            50      0       0       4        0.0%
    80 ;;BITSFR3              0      0       0       4        0.0%
    81 ;;SFR3                 0      0       0       4        0.0%
    82 ;;BANK0               50      0       0       5        0.0%
    83 ;;BITSFR2              0      0       0       5        0.0%
    84 ;;SFR2                 0      0       0       5        0.0%
    85 ;;BITBANK1            50      0       0       6        0.0%
    86 ;;BANK1               50      0       0       7        0.0%
    87 ;;BITBANK3            55      0       0       8        0.0%
    88 ;;BANK3               55      0       0       9        0.0%
    89 ;;BITBANK2            60      0       0      10        0.0%
    90 ;;BANK2               60      0       0      11        0.0%
    91 ;;DATA                 0      0       0      12        0.0%
    92 ;; *************** function _main *****************
    93 ;; Defined at:
    94 ;;		line 5 in file "C:\myFiles\CircuitExperiment\20180906001\20180906001.c"
    95 ;; Parameters:    Size  Location     Type
    96 ;;		None
    97 ;; Auto vars:     Size  Location     Type
    98 ;;		None
    99 ;; Return value:  Size  Location     Type
   100 ;;		None               void
   101 ;; Registers used:
   102 ;;		wreg
   103 ;; Tracked objects:
   104 ;;		On entry : 17F/0
   105 ;;		On exit  : 17F/0
   106 ;;		Unchanged: FFE80/0
   107 ;; Data sizes:     COMMON   BANK0   BANK1   BANK3   BANK2
   108 ;;      Params:         0       0       0       0       0
   109 ;;      Locals:         0       0       0       0       0
   110 ;;      Temps:          0       0       0       0       0
   111 ;;      Totals:         0       0       0       0       0
   112 ;;Total ram usage:        0 bytes
   113 ;; This function calls:
   114 ;;		Nothing
   115 ;; This function is called by:
   116 ;;		Startup code after reset
   117 ;; This function uses a non-reentrant model
   118 ;;
   119  07F9                     _main:	
   120                           
   121                           ;20180906001.c: 6: TRISD = 0xfe;
   122                           
   123                           ; Regs used in _main: [wreg]
   124  07F9  30FE               	movlw	254
   125  07FA  1683               	bsf	3,5	;RP0=1, select bank1
   126  07FB  0088               	movwf	8	;volatile
   127                           
   128                           ;20180906001.c: 7: PORTD = 0X01;
   129  07FC  3001               	movlw	1
   130  07FD  1283               	bcf	3,5	;RP0=0, select bank0
   131  07FE  0088               	movwf	8	;volatile
   132  07FF                     l686:	
   133  07FF  2FFF               	goto	l686
   134  0800                     __end_of_main:	
   135                           
   136 ;; =============== function _main ends ============
   137  007E                     btemp	set	126	;btemp
   138  007E                     wtemp0	set	126
   139                           
   140                           	psect	cinit
   141  07F5                     start_initialization:	
   142  07F5                     end_of_initialization:	
   143                           ;End of C runtime variable initialization code
   144                           
   145  07F5  0183               	clrf	3
   146  07F6  120A  118A  2FF9   	ljmp	_main	;jump to C main() function
   147                           
   148                           	psect	cstackCOMMON
   149  0000                     __pcstackCOMMON:	
   150  0000                     ?_main:	
   151  0000                     ??_main:	
   152                           ; 0 bytes @ 0x0
   153                           


HI-TECH Software PICC Macro Assembler V9.83 build 10920 
Symbol Table                                                                                   Thu Sep 06 08:49:07 2018

                 l686 07FF                  l1735 0000                  _main 07F9                  btemp 007E  
                start 0001                 ?_main 0000                 _PORTD 0008                 _TRISD 0088  
               status 0003                 wtemp0 007E          __end_of_main 0800                ??_main 0000  
      __pcstackCOMMON 0000            __pmaintext 07F9  end_of_initialization 07F5   start_initialization 07F5  
       __size_of_main 0007  
