

HI-TECH Software PIC PRO Macro Assembler V9.83 build 10920 
                                                                                               Thu Sep 06 09:24:09 2018

HI-TECH Software Omniscient Code Generator (PRO mode) build 10920
     1                           	processor	16F877A
     2                           	opt	pw 120
     3                           	opt	pm
     4                           	psect	config,global,class=CONFIG,delta=2
     5                           	psect	strings,global,class=STRING,delta=2
     6                           	psect	cinit,global,class=CODE,delta=2
     7                           	psect	cstackCOMMON,global,class=COMMON,space=1,delta=1
     8                           	psect	cstackBANK0,global,class=BANK0,space=1,delta=1
     9                           	psect	maintext,global,class=CODE,delta=2
    10                           	psect	text86,local,class=CODE,delta=2
    11                           	psect	text89,local,class=CODE,delta=2
    12                           	psect	pa_nodes,global,class=CODE,delta=2
    13                           	dabs	1,0x7E,2
    14  000A                     	;#
    15                           
    16                           	psect	config
    17  2007  3B31               	dw	15153	;#
    18                           
    19                           	psect	strings
    20  0004                     __pstrings:	
    21  0004                     stringtab:	
    22                           ;	global	stringdir,stringtab,__stringbase
    23                           
    24  0004                     stringcode:	
    25                           ;	String table - string pointers are 1 byte each
    26                           
    27  0004                     stringdir:	
    28  0004  3000               	movlw	high stringdir
    29  0005  008A               	movwf	10
    30  0006  0804               	movf	4,w
    31  0007  0A84               	incf	4,f
    32  0008  0782               	addwf	2,f
    33  0009                     __stringbase:	
    34  0009  3400               	retlw	0
    35  000A                     _table:	
    36  000A  343F               	retlw	63
    37  000B  3406               	retlw	6
    38  000C  345B               	retlw	91
    39  000D  344F               	retlw	79
    40  000E  3466               	retlw	102
    41  000F  346D               	retlw	109
    42  0010  347D               	retlw	125
    43  0011  3407               	retlw	7
    44  0012  347F               	retlw	127
    45  0013  346F               	retlw	111
    46  0014  3477               	retlw	119
    47  0015  347C               	retlw	124
    48  0016  3439               	retlw	57
    49  0017  345E               	retlw	94
    50  0018  3479               	retlw	121
    51  0019  3471               	retlw	113
    52  0005                     _PORTA	set	5
    53  0008                     _PORTD	set	8
    54  0085                     _TRISA	set	133
    55  0088                     _TRISD	set	136
    56                           
    57                           	psect	cinit
    58  075A                     start_initialization:	
    59  075A                     end_of_initialization:	
    60                           ;End of C runtime variable initialization code
    61                           
    62  075A  0183               	clrf	3
    63  075B  120A  118A  2F5E   	ljmp	_main	;jump to C main() function
    64                           
    65                           	psect	cstackCOMMON
    66  0071                     __pcstackCOMMON:	
    67  0071                     ?_delay:	
    68  0071                     ?_disp:	
    69                           ; 0 bytes @ 0x0
    70                           
    71  0071                     ?_dispDelay:	
    72                           ; 0 bytes @ 0x0
    73                           
    74  0071                     ?_main:	
    75                           ; 0 bytes @ 0x0
    76                           
    77  0071                     delay@x:	
    78                           ; 0 bytes @ 0x0
    79                           
    80                           
    81                           ; 2 bytes @ 0x0
    82  0071                     	ds	2
    83  0073                     ??_delay:	
    84  0073                     delay@a:	
    85                           ; 0 bytes @ 0x2
    86                           
    87                           
    88                           ; 2 bytes @ 0x2
    89  0073                     	ds	2
    90  0075                     delay@b:	
    91                           
    92                           ; 2 bytes @ 0x4
    93  0075                     	ds	2
    94  0077                     ??_disp:	
    95  0077                     disp@num:	
    96                           ; 0 bytes @ 0x6
    97                           
    98                           
    99                           ; 1 bytes @ 0x6
   100  0077                     	ds	1
   101  0078                     ??_dispDelay:	
   102  0078                     dispDelay@num:	
   103                           ; 0 bytes @ 0x7
   104                           
   105                           
   106                           ; 1 bytes @ 0x7
   107  0078                     	ds	1
   108  0079                     dispDelay@i:	
   109                           
   110                           ; 2 bytes @ 0x8
   111  0079                     	ds	2
   112  007B                     ??_main:	
   113                           
   114                           	psect	cstackBANK0
   115  0020                     __pcstackBANK0:	
   116                           ; 0 bytes @ 0xA
   117                           
   118  0020                     main@num:	
   119                           
   120                           ; 4 bytes @ 0x0
   121  0020                     	ds	4
   122                           
   123                           	psect	maintext
   124  075E                     __pmaintext:	
   125 ;;Data sizes: Strings 0, constant 16, data 0, bss 0, persistent 0 stack 0
   126 ;;Auto spaces:   Size  Autos    Used
   127 ;; COMMON          13     10      10
   128 ;; BANK0           80      4       4
   129 ;; BANK1           80      0       0
   130 ;; BANK3           85      0       0
   131 ;; BANK2           96      0       0
   132 ;;
   133 ;; Pointer list with targets:
   134 ;; dispDelay@num	PTR unsigned char  size(1) Largest target is 4
   135 ;;		 -> main@num(BANK0[4]), 
   136 ;;
   137 ;; disp@num	PTR unsigned char  size(1) Largest target is 4
   138 ;;		 -> main@num(BANK0[4]), 
   139 ;;
   140 ;;
   141 ;; Critical Paths under _main in COMMON
   142 ;;
   143 ;;   _main->_dispDelay
   144 ;;   _dispDelay->_disp
   145 ;;   _disp->_delay
   146 ;;
   147 ;; Critical Paths under _main in BANK0
   148 ;;
   149 ;;   None.
   150 ;;
   151 ;; Critical Paths under _main in BANK1
   152 ;;
   153 ;;   None.
   154 ;;
   155 ;; Critical Paths under _main in BANK3
   156 ;;
   157 ;;   None.
   158 ;;
   159 ;; Critical Paths under _main in BANK2
   160 ;;
   161 ;;   None.
   162 ;;
   163 ;;Main: autosize = 0, tempsize = 0, incstack = 0, save=0
   164 ;;
   165 ;;
   166 ;;Call Graph Tables:
   167 ;;
   168 ;; ---------------------------------------------------------------------------------
   169 ;; (Depth) Function   	        Calls       Base Space   Used Autos Params    Refs
   170 ;; ---------------------------------------------------------------------------------
   171 ;; (0) _main                                                 4     4      0     606
   172 ;;                                              0 BANK0      4     4      0
   173 ;;                          _dispDelay
   174 ;; ---------------------------------------------------------------------------------
   175 ;; (1) _dispDelay                                            3     3      0     270
   176 ;;                                              7 COMMON     3     3      0
   177 ;;                               _disp
   178 ;; ---------------------------------------------------------------------------------
   179 ;; (2) _disp                                                 1     1      0     202
   180 ;;                                              6 COMMON     1     1      0
   181 ;;                              _delay
   182 ;; ---------------------------------------------------------------------------------
   183 ;; (3) _delay                                                6     4      2     114
   184 ;;                                              0 COMMON     6     4      2
   185 ;; ---------------------------------------------------------------------------------
   186 ;; Estimated maximum stack depth 3
   187 ;; ---------------------------------------------------------------------------------
   188 ;; Call Graph Graphs:
   189 ;; _main (ROOT)
   190 ;;   _dispDelay
   191 ;;     _disp
   192 ;;       _delay
   193 ;;
   194 ;; Address spaces:
   195 ;;Name               Size   Autos  Total    Cost      Usage
   196 ;;BITCOMMON            D      0       0       0        0.0%
   197 ;;EEDATA             100      0       0       0        0.0%
   198 ;;NULL                 0      0       0       0        0.0%
   199 ;;CODE                 0      0       0       0        0.0%
   200 ;;COMMON               D      A       A       1       76.9%
   201 ;;BITSFR0              0      0       0       1        0.0%
   202 ;;SFR0                 0      0       0       1        0.0%
   203 ;;BITSFR1              0      0       0       2        0.0%
   204 ;;SFR1                 0      0       0       2        0.0%
   205 ;;STACK                0      0       3       2        0.0%
   206 ;;ABS                  0      0       0       3        0.0%
   207 ;;BITBANK0            50      0       0       4        0.0%
   208 ;;BITSFR3              0      0       0       4        0.0%
   209 ;;SFR3                 0      0       0       4        0.0%
   210 ;;BANK0               50      4       4       5        5.0%
   211 ;;BITSFR2              0      0       0       5        0.0%
   212 ;;SFR2                 0      0       0       5        0.0%
   213 ;;BITBANK1            50      0       0       6        0.0%
   214 ;;BANK1               50      0       0       7        0.0%
   215 ;;BITBANK3            55      0       0       8        0.0%
   216 ;;BANK3               55      0       0       9        0.0%
   217 ;;BITBANK2            60      0       0      10        0.0%
   218 ;;BANK2               60      0       0      11        0.0%
   219 ;;DATA                 0      0       0      12        0.0%
   220                           
   221                           
   222 ;; *************** function _main *****************
   223 ;; Defined at:
   224 ;;		line 38 in file "C:\myFiles\CircuitExperiment\20180906003\20180906003.c"
   225 ;; Parameters:    Size  Location     Type
   226 ;;		None
   227 ;; Auto vars:     Size  Location     Type
   228 ;;  num             4    0[BANK0 ] unsigned char [4]
   229 ;; Return value:  Size  Location     Type
   230 ;;		None               void
   231 ;; Registers used:
   232 ;;		wreg, fsr0l, fsr0h, status,2, status,0, btemp+1, pclath, cstack
   233 ;; Tracked objects:
   234 ;;		On entry : 17F/0
   235 ;;		On exit  : 60/0
   236 ;;		Unchanged: FFE00/0
   237 ;; Data sizes:     COMMON   BANK0   BANK1   BANK3   BANK2
   238 ;;      Params:         0       0       0       0       0
   239 ;;      Locals:         0       4       0       0       0
   240 ;;      Temps:          0       0       0       0       0
   241 ;;      Totals:         0       4       0       0       0
   242 ;;Total ram usage:        4 bytes
   243 ;; Hardware stack levels required when called:    3
   244 ;; This function calls:
   245 ;;		_dispDelay
   246 ;; This function is called by:
   247 ;;		Startup code after reset
   248 ;; This function uses a non-reentrant model
   249 ;;
   250  075E                     _main:	
   251                           
   252                           ;20180906003.c: 39: TRISA = 0;
   253                           
   254                           ; Regs used in _main: [wreg-fsr0h+status,2+status,0+btemp+1+pclath+cstack]
   255  075E  1683               	bsf	3,5	;RP0=1, select bank1
   256  075F  0185               	clrf	5	;volatile
   257                           
   258                           ;20180906003.c: 40: TRISD = 0;
   259  0760  0188               	clrf	8	;volatile
   260                           
   261                           ;20180906003.c: 41: unsigned char num[4] = {0,0,0,0};
   262  0761  1283               	bcf	3,5	;RP0=0, select bank0
   263  0762                     L1:	
   264  0762  01A0               	clrf	main@num
   265  0763  01A1               	clrf	main@num+1
   266  0764  01A2               	clrf	main@num+2
   267  0765  01A3               	clrf	main@num+3
   268  0766                     l1899:	
   269                           
   270                           ;20180906003.c: 43: {
   271                           ;20180906003.c: 44: dispDelay(num);
   272  0766  3020               	movlw	main@num& (0+255)
   273  0767  120A  118A  2787   	fcall	_dispDelay
      +       120A  118A         
   274                           
   275                           ;20180906003.c: 45: num[3]++;
   276  076C  1283               	bcf	3,5	;RP0=0, select bank0
   277  076D  1303               	bcf	3,6	;RP1=0, select bank0
   278  076E  0AA3               	incf	main@num+3,f
   279                           
   280                           ;20180906003.c: 46: if(num[3]==10)
   281  076F  0823               	movf	main@num+3,w
   282  0770  3A0A               	xorlw	10
   283  0771  1D03               	skipz
   284  0772  2F75               	goto	l1909
   285                           
   286                           ;20180906003.c: 47: {
   287                           ;20180906003.c: 48: num[3] = 0;
   288  0773  01A3               	clrf	main@num+3
   289                           
   290                           ;20180906003.c: 49: num[2]++;
   291  0774  0AA2               	incf	main@num+2,f
   292  0775                     l1909:	
   293                           
   294                           ;20180906003.c: 50: }
   295                           ;20180906003.c: 51: if(num[2]==10)
   296  0775  0822               	movf	main@num+2,w
   297  0776  3A0A               	xorlw	10
   298  0777  1D03               	skipz
   299  0778  2F7B               	goto	l1915
   300                           
   301                           ;20180906003.c: 52: {
   302                           ;20180906003.c: 53: num[2] = 0;
   303  0779  01A2               	clrf	main@num+2
   304                           
   305                           ;20180906003.c: 54: num[1]++;
   306  077A  0AA1               	incf	main@num+1,f
   307  077B                     l1915:	
   308                           
   309                           ;20180906003.c: 55: }
   310                           ;20180906003.c: 56: if(num[1]==10)
   311  077B  0821               	movf	main@num+1,w
   312  077C  3A0A               	xorlw	10
   313  077D  1D03               	skipz
   314  077E  2F81               	goto	l1921
   315                           
   316                           ;20180906003.c: 57: {
   317                           ;20180906003.c: 58: num[1] = 0;
   318  077F  01A1               	clrf	main@num+1
   319                           
   320                           ;20180906003.c: 59: num[0]++;
   321  0780  0AA0               	incf	main@num,f
   322  0781                     l1921:	
   323                           
   324                           ;20180906003.c: 60: }
   325                           ;20180906003.c: 61: if(num[0]==10)
   326  0781  0820               	movf	main@num,w
   327  0782  3A0A               	xorlw	10
   328  0783  1D03               	skipz
   329  0784  2F66               	goto	l1899
   330  0785  2F62               	goto	L1
   331  0786                     l712:	
   332                           ;20180906003.c: 66: num[3] = 0;
   333                           
   334                           ;20180906003.c: 65: num[2] = 0;
   335                           
   336                           ;20180906003.c: 64: num[1] = 0;
   337                           
   338                           ;20180906003.c: 62: {
   339                           ;20180906003.c: 63: num[0] = 0;
   340                           
   341  0786  2F86               	goto	l712
   342  0787                     __end_of_main:	
   343                           
   344                           	psect	text86
   345  0787                     __ptext86:	
   346 ;; =============== function _main ends ============
   347                           
   348                           
   349 ;; *************** function _dispDelay *****************
   350 ;; Defined at:
   351 ;;		line 32 in file "C:\myFiles\CircuitExperiment\20180906003\20180906003.c"
   352 ;; Parameters:    Size  Location     Type
   353 ;;  num             1    wreg     PTR unsigned char 
   354 ;;		 -> main@num(4), 
   355 ;; Auto vars:     Size  Location     Type
   356 ;;  num             1    7[COMMON] PTR unsigned char 
   357 ;;		 -> main@num(4), 
   358 ;;  i               2    8[COMMON] int 
   359 ;; Return value:  Size  Location     Type
   360 ;;		None               void
   361 ;; Registers used:
   362 ;;		wreg, fsr0l, fsr0h, status,2, status,0, btemp+1, pclath, cstack
   363 ;; Tracked objects:
   364 ;;		On entry : 60/0
   365 ;;		On exit  : 0/0
   366 ;;		Unchanged: FFE00/0
   367 ;; Data sizes:     COMMON   BANK0   BANK1   BANK3   BANK2
   368 ;;      Params:         0       0       0       0       0
   369 ;;      Locals:         3       0       0       0       0
   370 ;;      Temps:          0       0       0       0       0
   371 ;;      Totals:         3       0       0       0       0
   372 ;;Total ram usage:        3 bytes
   373 ;; Hardware stack levels used:    1
   374 ;; Hardware stack levels required when called:    2
   375 ;; This function calls:
   376 ;;		_disp
   377 ;; This function is called by:
   378 ;;		_main
   379 ;; This function uses a non-reentrant model
   380 ;;
   381  0787                     _dispDelay:	
   382                           
   383                           ; Regs used in _dispDelay: [wreg-fsr0h+status,2+status,0+btemp+1+pclath+cstack]
   384                           ;dispDelay@num stored from wreg
   385  0787  00F8               	movwf	dispDelay@num
   386                           
   387                           ;20180906003.c: 33: for(int i = 0;i < 125;i++)
   388  0788  01F9               	clrf	dispDelay@i
   389  0789  01FA               	clrf	dispDelay@i+1
   390  078A                     l1889:	
   391                           
   392                           ;20180906003.c: 34: disp(num);
   393  078A  0878               	movf	dispDelay@num,w
   394  078B  279D  120A  118A   	fcall	_disp
   395  078E  0AF9               	incf	dispDelay@i,f
   396  078F  1903               	skipnz
   397  0790  0AFA               	incf	dispDelay@i+1,f
   398  0791  087A               	movf	dispDelay@i+1,w
   399  0792  3A80               	xorlw	128
   400  0793  00FF               	movwf	127
   401  0794  3080               	movlw	128
   402  0795  027F               	subwf	127,w
   403  0796  1D03               	skipz
   404  0797  2F9A               	goto	u105
   405  0798  307D               	movlw	125
   406  0799  0279               	subwf	dispDelay@i,w
   407  079A                     u105:	
   408  079A  1803               	btfsc	3,0
   409  079B  0008               	return
   410  079C  2F8A               	goto	l1889
   411  079D                     __end_of_dispDelay:	
   412  079D                     __ptext87:	
   413 ;; =============== function _dispDelay ends ============
   414                           
   415                           
   416 ;; *************** function _disp *****************
   417 ;; Defined at:
   418 ;;		line 16 in file "C:\myFiles\CircuitExperiment\20180906003\20180906003.c"
   419 ;; Parameters:    Size  Location     Type
   420 ;;  num             1    wreg     PTR unsigned char 
   421 ;;		 -> main@num(4), 
   422 ;; Auto vars:     Size  Location     Type
   423 ;;  num             1    6[COMMON] PTR unsigned char 
   424 ;;		 -> main@num(4), 
   425 ;; Return value:  Size  Location     Type
   426 ;;		None               void
   427 ;; Registers used:
   428 ;;		wreg, fsr0l, fsr0h, status,2, status,0, pclath, cstack
   429 ;; Tracked objects:
   430 ;;		On entry : 0/0
   431 ;;		On exit  : 160/0
   432 ;;		Unchanged: FFE9F/0
   433 ;; Data sizes:     COMMON   BANK0   BANK1   BANK3   BANK2
   434 ;;      Params:         0       0       0       0       0
   435 ;;      Locals:         1       0       0       0       0
   436 ;;      Temps:          0       0       0       0       0
   437 ;;      Totals:         1       0       0       0       0
   438 ;;Total ram usage:        1 bytes
   439 ;; Hardware stack levels used:    1
   440 ;; Hardware stack levels required when called:    1
   441 ;; This function calls:
   442 ;;		_delay
   443 ;; This function is called by:
   444 ;;		_dispDelay
   445 ;; This function uses a non-reentrant model
   446 ;;
   447  079D                     _disp:	
   448                           
   449                           ; Regs used in _disp: [wreg-fsr0h+status,2+status,0+pclath+cstack]
   450                           ;disp@num stored from wreg
   451  079D  00F7               	movwf	disp@num
   452                           
   453                           ;20180906003.c: 17: PORTD = table[num[0]];
   454  079E  0084               	movwf	4
   455  079F  1383               	bcf	3,7	;select IRP bank0
   456  07A0  0800               	movf	0,w
   457  07A1  3E01               	addlw	low (_table-__stringbase)
   458  07A2  0084               	movwf	4
   459  07A3  120A  118A  2004   	fcall	stringdir
      +       120A  118A         
   460  07A8  1283               	bcf	3,5	;RP0=0, select bank0
   461  07A9  1303               	bcf	3,6	;RP1=0, select bank0
   462  07AA  0088               	movwf	8	;volatile
   463                           
   464                           ;20180906003.c: 18: PORTA = 0x08;
   465  07AB  3008               	movlw	8
   466  07AC  0085               	movwf	5	;volatile
   467                           
   468                           ;20180906003.c: 19: delay(2);
   469  07AD  3002               	movlw	2
   470  07AE  00F1               	movwf	?_delay
   471  07AF  01F2               	clrf	?_delay+1
   472  07B0  27E6               	fcall	_delay
   473                           
   474                           ;20180906003.c: 20: PORTD = table[num[1]];
   475  07B1  0877               	movf	disp@num,w
   476  07B2  3E01               	addlw	1
   477  07B3  0084               	movwf	4
   478  07B4  0800               	movf	0,w
   479  07B5  3E01               	addlw	low (_table-__stringbase)
   480  07B6  0084               	movwf	4
   481  07B7  120A  118A  2004   	fcall	stringdir
      +       120A  118A         
   482  07BC  0088               	movwf	8	;volatile
   483                           
   484                           ;20180906003.c: 21: PORTA = 0x04;
   485  07BD  3004               	movlw	4
   486  07BE  0085               	movwf	5	;volatile
   487                           
   488                           ;20180906003.c: 22: delay(2);
   489  07BF  3002               	movlw	2
   490  07C0  00F1               	movwf	?_delay
   491  07C1  01F2               	clrf	?_delay+1
   492  07C2  27E6               	fcall	_delay
   493                           
   494                           ;20180906003.c: 23: PORTD = table[num[2]];
   495  07C3  0877               	movf	disp@num,w
   496  07C4  3E02               	addlw	2
   497  07C5  0084               	movwf	4
   498  07C6  0800               	movf	0,w
   499  07C7  3E01               	addlw	low (_table-__stringbase)
   500  07C8  0084               	movwf	4
   501  07C9  120A  118A  2004   	fcall	stringdir
      +       120A  118A         
   502  07CE  0088               	movwf	8	;volatile
   503                           
   504                           ;20180906003.c: 24: PORTA = 0x02;
   505  07CF  3002               	movlw	2
   506  07D0  0085               	movwf	5	;volatile
   507                           
   508                           ;20180906003.c: 25: delay(2);
   509  07D1  00F1               	movwf	?_delay
   510  07D2  01F2               	clrf	?_delay+1
   511  07D3  27E6               	fcall	_delay
   512                           
   513                           ;20180906003.c: 26: PORTD = table[num[3]];
   514  07D4  0877               	movf	disp@num,w
   515  07D5  3E03               	addlw	3
   516  07D6  0084               	movwf	4
   517  07D7  0800               	movf	0,w
   518  07D8  3E01               	addlw	low (_table-__stringbase)
   519  07D9  0084               	movwf	4
   520  07DA  120A  118A  2004   	fcall	stringdir
      +       120A  118A         
   521  07DF  0088               	movwf	8	;volatile
   522                           
   523                           ;20180906003.c: 27: PORTA = 0x01;
   524  07E0  3001               	movlw	1
   525  07E1  0085               	movwf	5	;volatile
   526                           
   527                           ;20180906003.c: 28: delay(2);
   528  07E2  3002               	movlw	2
   529  07E3  00F1               	movwf	?_delay
   530  07E4  01F2               	clrf	?_delay+1
   531  07E5  2FE6               	ljmp	l1843
   532  07E6                     __end_of_disp:	
   533  07E6                     __ptext88:	
   534 ;; =============== function _disp ends ============
   535                           
   536                           
   537 ;; *************** function _delay *****************
   538 ;; Defined at:
   539 ;;		line 9 in file "C:\myFiles\CircuitExperiment\20180906003\20180906003.c"
   540 ;; Parameters:    Size  Location     Type
   541 ;;  x               2    0[COMMON] unsigned int 
   542 ;; Auto vars:     Size  Location     Type
   543 ;;  b               2    4[COMMON] unsigned int 
   544 ;;  a               2    2[COMMON] unsigned int 
   545 ;; Return value:  Size  Location     Type
   546 ;;		None               void
   547 ;; Registers used:
   548 ;;		wreg, status,2, status,0
   549 ;; Tracked objects:
   550 ;;		On entry : 160/0
   551 ;;		On exit  : 160/0
   552 ;;		Unchanged: FFE9F/0
   553 ;; Data sizes:     COMMON   BANK0   BANK1   BANK3   BANK2
   554 ;;      Params:         2       0       0       0       0
   555 ;;      Locals:         4       0       0       0       0
   556 ;;      Temps:          0       0       0       0       0
   557 ;;      Totals:         6       0       0       0       0
   558 ;;Total ram usage:        6 bytes
   559 ;; Hardware stack levels used:    1
   560 ;; This function calls:
   561 ;;		Nothing
   562 ;; This function is called by:
   563 ;;		_disp
   564 ;; This function uses a non-reentrant model
   565 ;;
   566  07E6                     _delay:	
   567  07E6                     l1843:	
   568                           ; Regs used in _delay: [wreg+status,2+status,0]
   569                           
   570                           
   571                           ;20180906003.c: 10: unsigned int a,b;
   572                           ;20180906003.c: 11: for(a=x;a>0;a--)
   573  07E6  0872               	movf	delay@x+1,w
   574  07E7  00F4               	movwf	delay@a+1
   575  07E8  0871               	movf	delay@x,w
   576  07E9  00F3               	movwf	delay@a
   577  07EA                     l1845:	
   578  07EA  0874               	movf	delay@a+1,w
   579  07EB  0473               	iorwf	delay@a,w
   580  07EC  1903               	btfsc	3,2
   581  07ED  0008               	return
   582                           
   583                           ;20180906003.c: 12: for(b=110;b>0;b--);
   584  07EE  306E               	movlw	110
   585  07EF  00F5               	movwf	delay@b
   586  07F0  3001               	movlw	1
   587  07F1  01F6               	clrf	delay@b+1
   588  07F2                     L2:	
   589  07F2  02F5               	subwf	delay@b,f
   590  07F3  1C03               	skipc
   591  07F4  03F6               	decf	delay@b+1,f
   592  07F5  0876               	movf	delay@b+1,w
   593  07F6  0475               	iorwf	delay@b,w
   594  07F7  3001               	movlw	1
   595  07F8  1D03               	skipz
   596  07F9  2FF2               	goto	L2
   597  07FA  02F3               	subwf	delay@a,f
   598  07FB  3000               	movlw	0
   599  07FC  1C03               	skipc
   600  07FD  03F4               	decf	delay@a+1,f
   601  07FE  02F4               	subwf	delay@a+1,f
   602  07FF  2FEA               	goto	l1845
   603  0800                     __end_of_delay:	
   604                           
   605                           	psect	text89
   606  0000                     __ptext89:	
   607 ;; =============== function _delay ends ============
   608                           
   609  007E                     btemp	set	126	;btemp
   610  007E                     wtemp0	set	126


HI-TECH Software PICC Macro Assembler V9.83 build 10920 
Symbol Table                                                                                   Thu Sep 06 09:24:09 2018

                   pc 0002                    fsr 0004                   l712 0786                   l694 0000  
                 l699 0000                   u105 079A                   fsr0 0004                   indf 0000  
                l1901 0000                  l1903 0000                  l1921 0781                  l1913 0000  
                l1843 07E6                  l1915 077B                  l1907 0000                  l1845 07EA  
                l1909 0775                  l1871 0000                  l1863 0000                  l1919 0000  
                l1857 0000                  l1881 0000                  l1873 0000                  l1865 0000  
                l1875 0000                  l1867 0000                  l1891 0000                  l1883 0000  
                l1877 0000                  l1869 0000                  l1893 0000                  l1879 0000  
                l1895 0000                  l1889 078A                  l1897 0000                  l1899 0766  
                _disp 079D                  _main 075E                  btemp 007E                  start 0001  
               ?_disp 0071                 ?_main 0071                 _PORTA 0005                 _PORTD 0008  
               _TRISA 0085                 _TRISD 0088                 _delay 07E6                 _table 000A  
               pclath 000A                 status 0003                 wtemp0 007E          __end_of_disp 07E6  
        __end_of_main 0787                ??_disp 0077                ??_main 007B                ?_delay 0071  
              delay@a 0073                delay@b 0075                delay@x 0071        __pcstackCOMMON 0071  
       __end_of_delay 0800    __size_of_dispDelay 0016               ??_delay 0073            __pmaintext 075E  
   __end_of_dispDelay 079D               disp@num 0077               main@num 0020  end_of_initialization 075A  
          dispDelay@i 0079   start_initialization 075A         __pcstackBANK0 0020             _dispDelay 0787  
           __pstrings 0004        __size_of_delay 001A            ?_dispDelay 0071           __stringbase 0009  
            __ptext86 0787              __ptext87 079D              __ptext88 07E6              __ptext89 0000  
       __size_of_disp 0049         __size_of_main 0029           ??_dispDelay 0078             stringcode 0004  
        dispDelay@num 0078              stringdir 0004              stringtab 0004  
