

HI-TECH Software PIC Macro Assembler V9.83 build 10920 
                                                                                                           Thu Sep 06 09:24:09 2018


     1                           
     2                           	; HI-TECH C Compiler for PIC10/12/16 MCUs V9.83
     3                           	; Copyright (C) 1984-2011 HI-TECH Software
     4                           	;Serial no. HCPICP-111111
     5                           
     6                           	; Auto-generated runtime startup code for final link stage.
     7                           
     8                           	;
     9                           	; Compiler options:
    10                           	;
    11                           	; -o20180906003.cof -m20180906003.map --summary=default \
    12                           	; --output=default 20180906003.p1 --chip=16F877A -P --runtime=default \
    13                           	; --opt=default -D__DEBUG=1 --rom=default,-1f00-1fff \
    14                           	; --ram=default,-0-0,-70-70,-80-80,-f0-f0,-100-100,-170-170,-180-180,-1e5-1f0 \
    15                           	; --debugger=pickit3 -g --asmlist --errformat=Error   [%n] %f; %l.%c %s \
    16                           	; --msgformat=Advisory[%n] %s --warnformat=Warning [%n] %f; %l.%c %s
    17                           	;
    18                           
    19                           
    20                           	processor	16F877A
    21                           
    22                           	global	_main,start,_exit,reset_vec
    23                           	fnroot	_main
    24                           	psect	config,class=CONFIG,delta=2
    25                           	psect	idloc,class=IDLOC,delta=2
    26                           	psect	code,class=CODE,delta=2
    27                           	psect	powerup,class=CODE,delta=2
    28                           	psect	reset_vec,class=CODE,delta=2
    29                           	psect	maintext,class=CODE,delta=2
    30  0000                     	C	set	0
    31  0002                     	Z	set	2
    32  0002                     	PCL	set	2
    33  0000                     	INDF	set	0
    34                           
    35  0003                     	STATUS	equ	3
    36  000A                     	PCLATH	equ	0Ah
    37                           
    38                           	psect	eeprom_data,class=EEDATA,delta=2,space=2
    39                           	psect	intentry,class=CODE,delta=2
    40                           	psect	functab,class=CODE,delta=2
    41                           	global	intlevel0,intlevel1,intlevel2, intlevel3, intlevel4, intlevel5
    42  0000                     intlevel0:
    43  0000                     intlevel1:
    44  0000                     intlevel2:
    45  0000                     intlevel3:
    46  0000                     intlevel4:
    47  0000                     intlevel5:
    48                           	psect	init,class=CODE,delta=2
    49                           	psect	cinit,class=CODE,delta=2
    50                           	psect	text,class=CODE,delta=2
    51                           	psect	end_init,class=CODE,delta=2
    52                           	psect	clrtext,class=CODE,delta=2
    53  0004                     	FSR	set	4
    54                           	psect	strings,class=CODE,delta=2,reloc=256
    55                           
    56                           	psect	reset_vec
    57  0000                     reset_vec:
    58  0000  0000               	nop	; NOP inserted due to debugger requirements
    59                           
    60                           	; No powerup routine
    61                           	; No interrupt routine
    62                           
    63                           
    64                           	psect	init
    65  0001                     start
    66  0001                     _exit
    67                           	psect	end_init
    68                           	global start_initialization
    69  0001  120A  118A  2F5A   	ljmp start_initialization	;jump to C runtime clear & initialization


HI-TECH Software PICC Macro Assembler V9.83 build 10920 
Symbol Table                                                                                               Thu Sep 06 09:24:09 2018

               _main 075E                 _exit 0001                 start 0001  start_initialization 075A  
           intlevel0 0000             intlevel1 0000             intlevel2 0000             intlevel3 0000  
           intlevel4 0000             intlevel5 0000             reset_vec 0000  
